manifest-merger-blame-debug-report.txt
1<?xml version="1.0" encoding="utf-8"?>
2<manifest xmlns:android="http://schemas.android.com/apk/res/android"
3    package="com.example.regandlogin"
4    android:versionCode="1"
5    android:versionName="1.0" >
6
7    <uses-sdk
8        android:minSdkVersion="21"
8-->src/main/AndroidManifest.xml
9        android:targetSdkVersion="32" />
9-->src/main/AndroidManifest.xml
10
11    <application
11-->src/main/AndroidManifest.xml:5:5-33:19
12        android:allowBackup="true"
12-->src/main/AndroidManifest.xml:6:9-35
13        android:appComponentFactory="androidx.core.app.CoreComponentFactory"
13-->[androidx.core:core:1.7.0] AndroidManifest.xml:24:18-86
14        android:debuggable="true"
15        android:icon="@mipmap/ic_launcher"
15-->src/main/AndroidManifest.xml:7:9-43
16        android:label="@string/app_name"
16-->src/main/AndroidManifest.xml:8:9-41
17        android:roundIcon="@mipmap/ic_launcher_round"
17-->src/main/AndroidManifest.xml:9:9-54
18        android:supportsRtl="true"
18-->src/main/AndroidManifest.xml:10:9-35
19        android:testOnly="true"
20        android:theme="@style/Theme.RegAndLogin" >
20-->src/main/AndroidManifest.xml:11:9-49
21        <activity
21-->src/main/AndroidManifest.xml:12:9-14:40
22            android:name="com.example.regandlogin.final_page"
22-->src/main/AndroidManifest.xml:13:13-39
23            android:exported="false" />
23-->src/main/AndroidManifest.xml:14:13-37
24        <activity
24-->src/main/AndroidManifest.xml:15:9-17:40
25            android:name="com.example.regandlogin.Login_Page"
25-->src/main/AndroidManifest.xml:16:13-39
26            android:exported="false" />
26-->src/main/AndroidManifest.xml:17:13-37
27        <activity
27-->src/main/AndroidManifest.xml:18:9-20:40
28            android:name="com.example.regandlogin.Register"
28-->src/main/AndroidManifest.xml:19:13-37
29            android:exported="false" />
29-->src/main/AndroidManifest.xml:20:13-37
30        <activity
30-->src/main/AndroidManifest.xml:21:9-23:40
31            android:name="com.example.regandlogin.Home_page"
31-->src/main/AndroidManifest.xml:22:13-38
32            android:exported="false" />
32-->src/main/AndroidManifest.xml:23:13-37
33        <activity
33-->src/main/AndroidManifest.xml:24:9-32:20
34            android:name="com.example.regandlogin.MainActivity"
34-->src/main/AndroidManifest.xml:25:13-41
35            android:exported="true" >
35-->src/main/AndroidManifest.xml:26:13-36
36            <intent-filter>
36-->src/main/AndroidManifest.xml:27:13-31:29
37                <action android:name="android.intent.action.MAIN" />
37-->src/main/AndroidManifest.xml:28:17-69
37-->src/main/AndroidManifest.xml:28:25-66
38
39                <category android:name="android.intent.category.LAUNCHER" />
39-->src/main/AndroidManifest.xml:30:17-77
39-->src/main/AndroidManifest.xml:30:27-74
40            </intent-filter>
41        </activity>
42
43        <provider
43-->[androidx.emoji2:emoji2:1.0.0] AndroidManifest.xml:26:9-34:20
44            android:name="androidx.startup.InitializationProvider"
44-->[androidx.emoji2:emoji2:1.0.0] AndroidManifest.xml:27:13-67
45            android:authorities="com.example.regandlogin.androidx-startup"
45-->[androidx.emoji2:emoji2:1.0.0] AndroidManifest.xml:28:13-68
46            android:exported="false" >
46-->[androidx.emoji2:emoji2:1.0.0] AndroidManifest.xml:29:13-37
47            <meta-data
47-->[androidx.emoji2:emoji2:1.0.0] AndroidManifest.xml:31:13-33:52
48                android:name="androidx.emoji2.text.EmojiCompatInitializer"
48-->[androidx.emoji2:emoji2:1.0.0] AndroidManifest.xml:32:17-75
49                android:value="androidx.startup" />
49-->[androidx.emoji2:emoji2:1.0.0] AndroidManifest.xml:33:17-49
50            <meta-data
50-->[androidx.lifecycle:lifecycle-process:2.4.0] AndroidManifest.xml:31:13-33:52
51                android:name="androidx.lifecycle.ProcessLifecycleInitializer"
51-->[androidx.lifecycle:lifecycle-process:2.4.0] AndroidManifest.xml:32:17-78
52                android:value="androidx.startup" />
52-->[androidx.lifecycle:lifecycle-process:2.4.0] AndroidManifest.xml:33:17-49
53        </provider>
54    </application>
55
56</manifest>